{"__type":"$$EventMessageWorkflow","id":"84b6d61b-7f94-4b59-ac9d-abf2fe1d6e5d","ts":"2025-07-30T15:31:29.284+02:00","eventName":"n8n.workflow.started","message":"n8n.workflow.started","payload":{"executionId":"40","workflowId":"ieZMm9XYHs0R5WpF","isManual":false,"workflowName":"Inova AI"}}
{"__type":"$$EventMessageConfirm","confirm":"84b6d61b-7f94-4b59-ac9d-abf2fe1d6e5d","ts":"2025-07-30T15:31:29.285+02:00","source":{"id":"0","name":"eventBus"}}
{"__type":"$$EventMessageNode","id":"55be6aa9-1e5a-4ce0-a72f-6ec7242843a5","ts":"2025-07-30T15:31:29.285+02:00","eventName":"n8n.node.started","message":"n8n.node.started","payload":{"workflowId":"ieZMm9XYHs0R5WpF","workflowName":"Inova AI","executionId":"40","nodeType":"n8n-nodes-base.webhook","nodeName":"Webhook","nodeId":"a5c22867-cae4-4f63-9f5c-785c22222ceb"}}
{"__type":"$$EventMessageConfirm","confirm":"55be6aa9-1e5a-4ce0-a72f-6ec7242843a5","ts":"2025-07-30T15:31:29.285+02:00","source":{"id":"0","name":"eventBus"}}
{"__type":"$$EventMessageNode","id":"4bac16e2-8411-4153-8bbd-c8b2a8415cfb","ts":"2025-07-30T15:31:29.287+02:00","eventName":"n8n.node.finished","message":"n8n.node.finished","payload":{"workflowId":"ieZMm9XYHs0R5WpF","workflowName":"Inova AI","executionId":"40","nodeType":"n8n-nodes-base.webhook","nodeName":"Webhook","nodeId":"a5c22867-cae4-4f63-9f5c-785c22222ceb"}}
{"__type":"$$EventMessageConfirm","confirm":"4bac16e2-8411-4153-8bbd-c8b2a8415cfb","ts":"2025-07-30T15:31:29.287+02:00","source":{"id":"0","name":"eventBus"}}
{"__type":"$$EventMessageNode","id":"ff75c1bd-9064-42da-9ace-de9eb7765b09","ts":"2025-07-30T15:31:29.287+02:00","eventName":"n8n.node.started","message":"n8n.node.started","payload":{"workflowId":"ieZMm9XYHs0R5WpF","workflowName":"Inova AI","executionId":"40","nodeType":"n8n-nodes-base.set","nodeName":"Edit Fields","nodeId":"c63d2ece-6fac-4325-9b5c-c29efca2d6dd"}}
{"__type":"$$EventMessageConfirm","confirm":"ff75c1bd-9064-42da-9ace-de9eb7765b09","ts":"2025-07-30T15:31:29.287+02:00","source":{"id":"0","name":"eventBus"}}
{"__type":"$$EventMessageNode","id":"33e7b684-e293-46a0-af0b-8830f7a02acf","ts":"2025-07-30T15:31:29.293+02:00","eventName":"n8n.node.finished","message":"n8n.node.finished","payload":{"workflowId":"ieZMm9XYHs0R5WpF","workflowName":"Inova AI","executionId":"40","nodeType":"n8n-nodes-base.set","nodeName":"Edit Fields","nodeId":"c63d2ece-6fac-4325-9b5c-c29efca2d6dd"}}
{"__type":"$$EventMessageConfirm","confirm":"33e7b684-e293-46a0-af0b-8830f7a02acf","ts":"2025-07-30T15:31:29.294+02:00","source":{"id":"0","name":"eventBus"}}
{"__type":"$$EventMessageNode","id":"e335a3c0-84ad-45bd-8ba7-add51caa305e","ts":"2025-07-30T15:31:29.294+02:00","eventName":"n8n.node.started","message":"n8n.node.started","payload":{"workflowId":"ieZMm9XYHs0R5WpF","workflowName":"Inova AI","executionId":"40","nodeType":"n8n-nodes-base.httpRequest","nodeName":"HTTP Request","nodeId":"d3997067-5bed-4686-9627-72b7cfd79343"}}
{"__type":"$$EventMessageConfirm","confirm":"e335a3c0-84ad-45bd-8ba7-add51caa305e","ts":"2025-07-30T15:31:29.294+02:00","source":{"id":"0","name":"eventBus"}}
{"__type":"$$EventMessageNode","id":"c2e970d9-cb0c-435a-b77b-b0717611931e","ts":"2025-07-30T15:31:31.371+02:00","eventName":"n8n.node.finished","message":"n8n.node.finished","payload":{"workflowId":"ieZMm9XYHs0R5WpF","workflowName":"Inova AI","executionId":"40","nodeType":"n8n-nodes-base.httpRequest","nodeName":"HTTP Request","nodeId":"d3997067-5bed-4686-9627-72b7cfd79343"}}
{"__type":"$$EventMessageConfirm","confirm":"c2e970d9-cb0c-435a-b77b-b0717611931e","ts":"2025-07-30T15:31:31.371+02:00","source":{"id":"0","name":"eventBus"}}
{"__type":"$$EventMessageWorkflow","id":"026d9823-ebf6-4a34-8348-a9377677ec09","ts":"2025-07-30T15:31:31.372+02:00","eventName":"n8n.workflow.failed","message":"n8n.workflow.failed","payload":{"executionId":"40","success":false,"isManual":false,"workflowId":"ieZMm9XYHs0R5WpF","workflowName":"Inova AI","lastNodeExecuted":"HTTP Request","errorNodeType":"n8n-nodes-base.httpRequest","errorMessage":"Bad request - please check your parameters"}}
{"__type":"$$EventMessageConfirm","confirm":"026d9823-ebf6-4a34-8348-a9377677ec09","ts":"2025-07-30T15:31:31.372+02:00","source":{"id":"0","name":"eventBus"}}
{"__type":"$$EventMessageWorkflow","id":"13c58966-8f59-416c-acb2-f752097cbfb2","ts":"2025-07-30T15:32:18.450+02:00","eventName":"n8n.workflow.started","message":"n8n.workflow.started","payload":{"executionId":"41","workflowId":"ieZMm9XYHs0R5WpF","isManual":false,"workflowName":"Inova AI"}}
{"__type":"$$EventMessageConfirm","confirm":"13c58966-8f59-416c-acb2-f752097cbfb2","ts":"2025-07-30T15:32:18.450+02:00","source":{"id":"0","name":"eventBus"}}
{"__type":"$$EventMessageNode","id":"16f40884-1e5f-48c4-8c3b-92da6308a74e","ts":"2025-07-30T15:32:18.450+02:00","eventName":"n8n.node.started","message":"n8n.node.started","payload":{"workflowId":"ieZMm9XYHs0R5WpF","workflowName":"Inova AI","executionId":"41","nodeType":"n8n-nodes-base.webhook","nodeName":"Webhook","nodeId":"a5c22867-cae4-4f63-9f5c-785c22222ceb"}}
{"__type":"$$EventMessageConfirm","confirm":"16f40884-1e5f-48c4-8c3b-92da6308a74e","ts":"2025-07-30T15:32:18.451+02:00","source":{"id":"0","name":"eventBus"}}
{"__type":"$$EventMessageNode","id":"4907f660-aa69-4dae-8e49-b89cb5b235fb","ts":"2025-07-30T15:32:18.451+02:00","eventName":"n8n.node.finished","message":"n8n.node.finished","payload":{"workflowId":"ieZMm9XYHs0R5WpF","workflowName":"Inova AI","executionId":"41","nodeType":"n8n-nodes-base.webhook","nodeName":"Webhook","nodeId":"a5c22867-cae4-4f63-9f5c-785c22222ceb"}}
{"__type":"$$EventMessageConfirm","confirm":"4907f660-aa69-4dae-8e49-b89cb5b235fb","ts":"2025-07-30T15:32:18.451+02:00","source":{"id":"0","name":"eventBus"}}
{"__type":"$$EventMessageNode","id":"458b5cdb-aa6e-4902-8ee1-6c7e9bdcb9e4","ts":"2025-07-30T15:32:18.451+02:00","eventName":"n8n.node.started","message":"n8n.node.started","payload":{"workflowId":"ieZMm9XYHs0R5WpF","workflowName":"Inova AI","executionId":"41","nodeType":"n8n-nodes-base.set","nodeName":"Edit Fields","nodeId":"c63d2ece-6fac-4325-9b5c-c29efca2d6dd"}}
{"__type":"$$EventMessageConfirm","confirm":"458b5cdb-aa6e-4902-8ee1-6c7e9bdcb9e4","ts":"2025-07-30T15:32:18.451+02:00","source":{"id":"0","name":"eventBus"}}
{"__type":"$$EventMessageNode","id":"c35f4712-8893-4832-8a08-50e11c0c73db","ts":"2025-07-30T15:32:18.452+02:00","eventName":"n8n.node.finished","message":"n8n.node.finished","payload":{"workflowId":"ieZMm9XYHs0R5WpF","workflowName":"Inova AI","executionId":"41","nodeType":"n8n-nodes-base.set","nodeName":"Edit Fields","nodeId":"c63d2ece-6fac-4325-9b5c-c29efca2d6dd"}}
{"__type":"$$EventMessageConfirm","confirm":"c35f4712-8893-4832-8a08-50e11c0c73db","ts":"2025-07-30T15:32:18.452+02:00","source":{"id":"0","name":"eventBus"}}
{"__type":"$$EventMessageNode","id":"54bca1e3-f175-4e1f-b595-559dfad9e7e6","ts":"2025-07-30T15:32:18.452+02:00","eventName":"n8n.node.started","message":"n8n.node.started","payload":{"workflowId":"ieZMm9XYHs0R5WpF","workflowName":"Inova AI","executionId":"41","nodeType":"n8n-nodes-base.httpRequest","nodeName":"HTTP Request","nodeId":"d3997067-5bed-4686-9627-72b7cfd79343"}}
{"__type":"$$EventMessageConfirm","confirm":"54bca1e3-f175-4e1f-b595-559dfad9e7e6","ts":"2025-07-30T15:32:18.452+02:00","source":{"id":"0","name":"eventBus"}}
{"__type":"$$EventMessageNode","id":"f87881fc-100f-4e6f-93a2-386fa11cda32","ts":"2025-07-30T15:32:20.518+02:00","eventName":"n8n.node.finished","message":"n8n.node.finished","payload":{"workflowId":"ieZMm9XYHs0R5WpF","workflowName":"Inova AI","executionId":"41","nodeType":"n8n-nodes-base.httpRequest","nodeName":"HTTP Request","nodeId":"d3997067-5bed-4686-9627-72b7cfd79343"}}
{"__type":"$$EventMessageConfirm","confirm":"f87881fc-100f-4e6f-93a2-386fa11cda32","ts":"2025-07-30T15:32:20.518+02:00","source":{"id":"0","name":"eventBus"}}
{"__type":"$$EventMessageWorkflow","id":"fcbae289-e962-468e-8f90-3230f464ff28","ts":"2025-07-30T15:32:20.519+02:00","eventName":"n8n.workflow.success","message":"n8n.workflow.success","payload":{"executionId":"41","success":true,"isManual":false,"workflowId":"ieZMm9XYHs0R5WpF","workflowName":"Inova AI"}}
{"__type":"$$EventMessageConfirm","confirm":"fcbae289-e962-468e-8f90-3230f464ff28","ts":"2025-07-30T15:32:20.519+02:00","source":{"id":"0","name":"eventBus"}}
