{"__type":"$$EventMessageWorkflow","id":"ec022812-5f02-4641-9538-96dfac57e383","ts":"2025-07-30T15:39:22.143+02:00","eventName":"n8n.workflow.started","message":"n8n.workflow.started","payload":{"executionId":"43","workflowId":"ieZMm9XYHs0R5WpF","isManual":false,"workflowName":"Inova AI"}}
{"__type":"$$EventMessageConfirm","confirm":"ec022812-5f02-4641-9538-96dfac57e383","ts":"2025-07-30T15:39:22.143+02:00","source":{"id":"0","name":"eventBus"}}
{"__type":"$$EventMessageNode","id":"524fe292-ac1e-4bf0-8ddb-38e561627f9a","ts":"2025-07-30T15:39:22.144+02:00","eventName":"n8n.node.started","message":"n8n.node.started","payload":{"workflowId":"ieZMm9XYHs0R5WpF","workflowName":"Inova AI","executionId":"43","nodeType":"n8n-nodes-base.webhook","nodeName":"Webhook","nodeId":"a5c22867-cae4-4f63-9f5c-785c22222ceb"}}
{"__type":"$$EventMessageConfirm","confirm":"524fe292-ac1e-4bf0-8ddb-38e561627f9a","ts":"2025-07-30T15:39:22.144+02:00","source":{"id":"0","name":"eventBus"}}
{"__type":"$$EventMessageNode","id":"864c070c-a400-428b-8d96-03a5b4da7cf8","ts":"2025-07-30T15:39:22.145+02:00","eventName":"n8n.node.finished","message":"n8n.node.finished","payload":{"workflowId":"ieZMm9XYHs0R5WpF","workflowName":"Inova AI","executionId":"43","nodeType":"n8n-nodes-base.webhook","nodeName":"Webhook","nodeId":"a5c22867-cae4-4f63-9f5c-785c22222ceb"}}
{"__type":"$$EventMessageConfirm","confirm":"864c070c-a400-428b-8d96-03a5b4da7cf8","ts":"2025-07-30T15:39:22.145+02:00","source":{"id":"0","name":"eventBus"}}
{"__type":"$$EventMessageNode","id":"1ef4ac58-5084-4e54-857f-4218d0492342","ts":"2025-07-30T15:39:22.145+02:00","eventName":"n8n.node.started","message":"n8n.node.started","payload":{"workflowId":"ieZMm9XYHs0R5WpF","workflowName":"Inova AI","executionId":"43","nodeType":"n8n-nodes-base.set","nodeName":"Edit Fields","nodeId":"c63d2ece-6fac-4325-9b5c-c29efca2d6dd"}}
{"__type":"$$EventMessageConfirm","confirm":"1ef4ac58-5084-4e54-857f-4218d0492342","ts":"2025-07-30T15:39:22.145+02:00","source":{"id":"0","name":"eventBus"}}
{"__type":"$$EventMessageNode","id":"e154416d-105a-4fac-8594-1bb9b2d837e4","ts":"2025-07-30T15:39:22.151+02:00","eventName":"n8n.node.finished","message":"n8n.node.finished","payload":{"workflowId":"ieZMm9XYHs0R5WpF","workflowName":"Inova AI","executionId":"43","nodeType":"n8n-nodes-base.set","nodeName":"Edit Fields","nodeId":"c63d2ece-6fac-4325-9b5c-c29efca2d6dd"}}
{"__type":"$$EventMessageConfirm","confirm":"e154416d-105a-4fac-8594-1bb9b2d837e4","ts":"2025-07-30T15:39:22.152+02:00","source":{"id":"0","name":"eventBus"}}
{"__type":"$$EventMessageNode","id":"27627ec1-0c59-4584-958d-5ba826b1d5c6","ts":"2025-07-30T15:39:22.152+02:00","eventName":"n8n.node.started","message":"n8n.node.started","payload":{"workflowId":"ieZMm9XYHs0R5WpF","workflowName":"Inova AI","executionId":"43","nodeType":"n8n-nodes-base.httpRequest","nodeName":"HTTP Request","nodeId":"d3997067-5bed-4686-9627-72b7cfd79343"}}
{"__type":"$$EventMessageConfirm","confirm":"27627ec1-0c59-4584-958d-5ba826b1d5c6","ts":"2025-07-30T15:39:22.152+02:00","source":{"id":"0","name":"eventBus"}}
{"__type":"$$EventMessageNode","id":"5ef0b4ca-7457-4482-9dc7-5781ee239d5c","ts":"2025-07-30T15:39:28.885+02:00","eventName":"n8n.node.finished","message":"n8n.node.finished","payload":{"workflowId":"ieZMm9XYHs0R5WpF","workflowName":"Inova AI","executionId":"43","nodeType":"n8n-nodes-base.httpRequest","nodeName":"HTTP Request","nodeId":"d3997067-5bed-4686-9627-72b7cfd79343"}}
{"__type":"$$EventMessageConfirm","confirm":"5ef0b4ca-7457-4482-9dc7-5781ee239d5c","ts":"2025-07-30T15:39:28.885+02:00","source":{"id":"0","name":"eventBus"}}
{"__type":"$$EventMessageWorkflow","id":"a315bd8c-46cf-4d70-92da-c6d12b14ba80","ts":"2025-07-30T15:39:28.886+02:00","eventName":"n8n.workflow.success","message":"n8n.workflow.success","payload":{"executionId":"43","success":true,"isManual":false,"workflowId":"ieZMm9XYHs0R5WpF","workflowName":"Inova AI"}}
{"__type":"$$EventMessageConfirm","confirm":"a315bd8c-46cf-4d70-92da-c6d12b14ba80","ts":"2025-07-30T15:39:28.886+02:00","source":{"id":"0","name":"eventBus"}}
{"__type":"$$EventMessageWorkflow","id":"477d9177-53b7-42d9-ad7a-606f42c58eff","ts":"2025-07-30T15:39:51.602+02:00","eventName":"n8n.workflow.started","message":"n8n.workflow.started","payload":{"executionId":"44","workflowId":"ieZMm9XYHs0R5WpF","isManual":false,"workflowName":"Inova AI"}}
{"__type":"$$EventMessageConfirm","confirm":"477d9177-53b7-42d9-ad7a-606f42c58eff","ts":"2025-07-30T15:39:51.603+02:00","source":{"id":"0","name":"eventBus"}}
{"__type":"$$EventMessageNode","id":"f232a4c9-ada2-4486-bed3-61d4f92a1c6d","ts":"2025-07-30T15:39:51.603+02:00","eventName":"n8n.node.started","message":"n8n.node.started","payload":{"workflowId":"ieZMm9XYHs0R5WpF","workflowName":"Inova AI","executionId":"44","nodeType":"n8n-nodes-base.webhook","nodeName":"Webhook","nodeId":"a5c22867-cae4-4f63-9f5c-785c22222ceb"}}
{"__type":"$$EventMessageConfirm","confirm":"f232a4c9-ada2-4486-bed3-61d4f92a1c6d","ts":"2025-07-30T15:39:51.603+02:00","source":{"id":"0","name":"eventBus"}}
{"__type":"$$EventMessageNode","id":"3077111d-da4d-4cf0-87b4-e1a41d7563fc","ts":"2025-07-30T15:39:51.603+02:00","eventName":"n8n.node.finished","message":"n8n.node.finished","payload":{"workflowId":"ieZMm9XYHs0R5WpF","workflowName":"Inova AI","executionId":"44","nodeType":"n8n-nodes-base.webhook","nodeName":"Webhook","nodeId":"a5c22867-cae4-4f63-9f5c-785c22222ceb"}}
{"__type":"$$EventMessageConfirm","confirm":"3077111d-da4d-4cf0-87b4-e1a41d7563fc","ts":"2025-07-30T15:39:51.603+02:00","source":{"id":"0","name":"eventBus"}}
{"__type":"$$EventMessageNode","id":"aaa45704-aaaa-4685-bd60-f37d0cf68ea9","ts":"2025-07-30T15:39:51.603+02:00","eventName":"n8n.node.started","message":"n8n.node.started","payload":{"workflowId":"ieZMm9XYHs0R5WpF","workflowName":"Inova AI","executionId":"44","nodeType":"n8n-nodes-base.set","nodeName":"Edit Fields","nodeId":"c63d2ece-6fac-4325-9b5c-c29efca2d6dd"}}
{"__type":"$$EventMessageConfirm","confirm":"aaa45704-aaaa-4685-bd60-f37d0cf68ea9","ts":"2025-07-30T15:39:51.603+02:00","source":{"id":"0","name":"eventBus"}}
{"__type":"$$EventMessageNode","id":"64f49094-21d9-44bf-ad47-a446e632d9f9","ts":"2025-07-30T15:39:51.604+02:00","eventName":"n8n.node.finished","message":"n8n.node.finished","payload":{"workflowId":"ieZMm9XYHs0R5WpF","workflowName":"Inova AI","executionId":"44","nodeType":"n8n-nodes-base.set","nodeName":"Edit Fields","nodeId":"c63d2ece-6fac-4325-9b5c-c29efca2d6dd"}}
{"__type":"$$EventMessageConfirm","confirm":"64f49094-21d9-44bf-ad47-a446e632d9f9","ts":"2025-07-30T15:39:51.604+02:00","source":{"id":"0","name":"eventBus"}}
{"__type":"$$EventMessageNode","id":"dc026e80-b9cf-4f1b-92ab-2ff42eada732","ts":"2025-07-30T15:39:51.604+02:00","eventName":"n8n.node.started","message":"n8n.node.started","payload":{"workflowId":"ieZMm9XYHs0R5WpF","workflowName":"Inova AI","executionId":"44","nodeType":"n8n-nodes-base.httpRequest","nodeName":"HTTP Request","nodeId":"d3997067-5bed-4686-9627-72b7cfd79343"}}
{"__type":"$$EventMessageConfirm","confirm":"dc026e80-b9cf-4f1b-92ab-2ff42eada732","ts":"2025-07-30T15:39:51.604+02:00","source":{"id":"0","name":"eventBus"}}
{"__type":"$$EventMessageNode","id":"a2ae50fc-397d-4b63-b752-c7ce91657b70","ts":"2025-07-30T15:39:59.231+02:00","eventName":"n8n.node.finished","message":"n8n.node.finished","payload":{"workflowId":"ieZMm9XYHs0R5WpF","workflowName":"Inova AI","executionId":"44","nodeType":"n8n-nodes-base.httpRequest","nodeName":"HTTP Request","nodeId":"d3997067-5bed-4686-9627-72b7cfd79343"}}
{"__type":"$$EventMessageConfirm","confirm":"a2ae50fc-397d-4b63-b752-c7ce91657b70","ts":"2025-07-30T15:39:59.231+02:00","source":{"id":"0","name":"eventBus"}}
{"__type":"$$EventMessageWorkflow","id":"1e3445d3-14f5-44a4-9872-6cbdd3464d09","ts":"2025-07-30T15:39:59.231+02:00","eventName":"n8n.workflow.success","message":"n8n.workflow.success","payload":{"executionId":"44","success":true,"isManual":false,"workflowId":"ieZMm9XYHs0R5WpF","workflowName":"Inova AI"}}
{"__type":"$$EventMessageConfirm","confirm":"1e3445d3-14f5-44a4-9872-6cbdd3464d09","ts":"2025-07-30T15:39:59.231+02:00","source":{"id":"0","name":"eventBus"}}
{"__type":"$$EventMessageWorkflow","id":"96508b52-63a6-433e-bd1b-21908db6b0f6","ts":"2025-07-30T15:40:15.629+02:00","eventName":"n8n.workflow.started","message":"n8n.workflow.started","payload":{"executionId":"45","workflowId":"ieZMm9XYHs0R5WpF","isManual":false,"workflowName":"Inova AI"}}
{"__type":"$$EventMessageConfirm","confirm":"96508b52-63a6-433e-bd1b-21908db6b0f6","ts":"2025-07-30T15:40:15.630+02:00","source":{"id":"0","name":"eventBus"}}
{"__type":"$$EventMessageNode","id":"34265cb1-c80b-498d-8d18-963969a494bf","ts":"2025-07-30T15:40:15.630+02:00","eventName":"n8n.node.started","message":"n8n.node.started","payload":{"workflowId":"ieZMm9XYHs0R5WpF","workflowName":"Inova AI","executionId":"45","nodeType":"n8n-nodes-base.webhook","nodeName":"Webhook","nodeId":"a5c22867-cae4-4f63-9f5c-785c22222ceb"}}
{"__type":"$$EventMessageConfirm","confirm":"34265cb1-c80b-498d-8d18-963969a494bf","ts":"2025-07-30T15:40:15.630+02:00","source":{"id":"0","name":"eventBus"}}
{"__type":"$$EventMessageNode","id":"ef379ee8-0c34-4feb-8223-20cc13218b9a","ts":"2025-07-30T15:40:15.630+02:00","eventName":"n8n.node.finished","message":"n8n.node.finished","payload":{"workflowId":"ieZMm9XYHs0R5WpF","workflowName":"Inova AI","executionId":"45","nodeType":"n8n-nodes-base.webhook","nodeName":"Webhook","nodeId":"a5c22867-cae4-4f63-9f5c-785c22222ceb"}}
{"__type":"$$EventMessageConfirm","confirm":"ef379ee8-0c34-4feb-8223-20cc13218b9a","ts":"2025-07-30T15:40:15.630+02:00","source":{"id":"0","name":"eventBus"}}
{"__type":"$$EventMessageNode","id":"211f7b86-9a07-4cb6-a71e-31f719706a2e","ts":"2025-07-30T15:40:15.630+02:00","eventName":"n8n.node.started","message":"n8n.node.started","payload":{"workflowId":"ieZMm9XYHs0R5WpF","workflowName":"Inova AI","executionId":"45","nodeType":"n8n-nodes-base.set","nodeName":"Edit Fields","nodeId":"c63d2ece-6fac-4325-9b5c-c29efca2d6dd"}}
{"__type":"$$EventMessageConfirm","confirm":"211f7b86-9a07-4cb6-a71e-31f719706a2e","ts":"2025-07-30T15:40:15.630+02:00","source":{"id":"0","name":"eventBus"}}
{"__type":"$$EventMessageNode","id":"e2ae1bb9-fc2b-4a39-adc5-bf7ccf208164","ts":"2025-07-30T15:40:15.631+02:00","eventName":"n8n.node.finished","message":"n8n.node.finished","payload":{"workflowId":"ieZMm9XYHs0R5WpF","workflowName":"Inova AI","executionId":"45","nodeType":"n8n-nodes-base.set","nodeName":"Edit Fields","nodeId":"c63d2ece-6fac-4325-9b5c-c29efca2d6dd"}}
{"__type":"$$EventMessageConfirm","confirm":"e2ae1bb9-fc2b-4a39-adc5-bf7ccf208164","ts":"2025-07-30T15:40:15.631+02:00","source":{"id":"0","name":"eventBus"}}
{"__type":"$$EventMessageNode","id":"4242d43c-5041-4f3a-b21a-d8879eca6f5b","ts":"2025-07-30T15:40:15.631+02:00","eventName":"n8n.node.started","message":"n8n.node.started","payload":{"workflowId":"ieZMm9XYHs0R5WpF","workflowName":"Inova AI","executionId":"45","nodeType":"n8n-nodes-base.httpRequest","nodeName":"HTTP Request","nodeId":"d3997067-5bed-4686-9627-72b7cfd79343"}}
{"__type":"$$EventMessageConfirm","confirm":"4242d43c-5041-4f3a-b21a-d8879eca6f5b","ts":"2025-07-30T15:40:15.631+02:00","source":{"id":"0","name":"eventBus"}}
{"__type":"$$EventMessageNode","id":"4b317af4-bdf8-4a77-9a82-1add2319a4d6","ts":"2025-07-30T15:40:23.284+02:00","eventName":"n8n.node.finished","message":"n8n.node.finished","payload":{"workflowId":"ieZMm9XYHs0R5WpF","workflowName":"Inova AI","executionId":"45","nodeType":"n8n-nodes-base.httpRequest","nodeName":"HTTP Request","nodeId":"d3997067-5bed-4686-9627-72b7cfd79343"}}
{"__type":"$$EventMessageConfirm","confirm":"4b317af4-bdf8-4a77-9a82-1add2319a4d6","ts":"2025-07-30T15:40:23.284+02:00","source":{"id":"0","name":"eventBus"}}
{"__type":"$$EventMessageWorkflow","id":"686a8d91-a589-4023-8352-8fd9f2cfa2f1","ts":"2025-07-30T15:40:23.284+02:00","eventName":"n8n.workflow.success","message":"n8n.workflow.success","payload":{"executionId":"45","success":true,"isManual":false,"workflowId":"ieZMm9XYHs0R5WpF","workflowName":"Inova AI"}}
{"__type":"$$EventMessageConfirm","confirm":"686a8d91-a589-4023-8352-8fd9f2cfa2f1","ts":"2025-07-30T15:40:23.284+02:00","source":{"id":"0","name":"eventBus"}}
{"__type":"$$EventMessageWorkflow","id":"0e0ab895-c33d-4983-92b5-22d75f74637d","ts":"2025-07-30T15:40:55.616+02:00","eventName":"n8n.workflow.started","message":"n8n.workflow.started","payload":{"executionId":"46","workflowId":"ieZMm9XYHs0R5WpF","isManual":false,"workflowName":"Inova AI"}}
{"__type":"$$EventMessageConfirm","confirm":"0e0ab895-c33d-4983-92b5-22d75f74637d","ts":"2025-07-30T15:40:55.616+02:00","source":{"id":"0","name":"eventBus"}}
{"__type":"$$EventMessageNode","id":"fe675e0c-b08c-4369-b03b-faa7c6dd8917","ts":"2025-07-30T15:40:55.616+02:00","eventName":"n8n.node.started","message":"n8n.node.started","payload":{"workflowId":"ieZMm9XYHs0R5WpF","workflowName":"Inova AI","executionId":"46","nodeType":"n8n-nodes-base.webhook","nodeName":"Webhook","nodeId":"a5c22867-cae4-4f63-9f5c-785c22222ceb"}}
{"__type":"$$EventMessageConfirm","confirm":"fe675e0c-b08c-4369-b03b-faa7c6dd8917","ts":"2025-07-30T15:40:55.616+02:00","source":{"id":"0","name":"eventBus"}}
{"__type":"$$EventMessageNode","id":"f0032716-a1c2-43ec-aa7d-5412bef9b88f","ts":"2025-07-30T15:40:55.617+02:00","eventName":"n8n.node.finished","message":"n8n.node.finished","payload":{"workflowId":"ieZMm9XYHs0R5WpF","workflowName":"Inova AI","executionId":"46","nodeType":"n8n-nodes-base.webhook","nodeName":"Webhook","nodeId":"a5c22867-cae4-4f63-9f5c-785c22222ceb"}}
{"__type":"$$EventMessageConfirm","confirm":"f0032716-a1c2-43ec-aa7d-5412bef9b88f","ts":"2025-07-30T15:40:55.617+02:00","source":{"id":"0","name":"eventBus"}}
{"__type":"$$EventMessageNode","id":"ae53674d-eb2d-4566-a97c-755506b51da9","ts":"2025-07-30T15:40:55.617+02:00","eventName":"n8n.node.started","message":"n8n.node.started","payload":{"workflowId":"ieZMm9XYHs0R5WpF","workflowName":"Inova AI","executionId":"46","nodeType":"n8n-nodes-base.set","nodeName":"Edit Fields","nodeId":"c63d2ece-6fac-4325-9b5c-c29efca2d6dd"}}
{"__type":"$$EventMessageConfirm","confirm":"ae53674d-eb2d-4566-a97c-755506b51da9","ts":"2025-07-30T15:40:55.617+02:00","source":{"id":"0","name":"eventBus"}}
{"__type":"$$EventMessageNode","id":"46b45c3f-34e9-4bda-ab60-715eb90c5650","ts":"2025-07-30T15:40:55.619+02:00","eventName":"n8n.node.finished","message":"n8n.node.finished","payload":{"workflowId":"ieZMm9XYHs0R5WpF","workflowName":"Inova AI","executionId":"46","nodeType":"n8n-nodes-base.set","nodeName":"Edit Fields","nodeId":"c63d2ece-6fac-4325-9b5c-c29efca2d6dd"}}
{"__type":"$$EventMessageConfirm","confirm":"46b45c3f-34e9-4bda-ab60-715eb90c5650","ts":"2025-07-30T15:40:55.619+02:00","source":{"id":"0","name":"eventBus"}}
{"__type":"$$EventMessageNode","id":"69ac63f5-19b0-40c2-8bb4-62fcb641460f","ts":"2025-07-30T15:40:55.619+02:00","eventName":"n8n.node.started","message":"n8n.node.started","payload":{"workflowId":"ieZMm9XYHs0R5WpF","workflowName":"Inova AI","executionId":"46","nodeType":"n8n-nodes-base.httpRequest","nodeName":"HTTP Request","nodeId":"d3997067-5bed-4686-9627-72b7cfd79343"}}
{"__type":"$$EventMessageConfirm","confirm":"69ac63f5-19b0-40c2-8bb4-62fcb641460f","ts":"2025-07-30T15:40:55.619+02:00","source":{"id":"0","name":"eventBus"}}
{"__type":"$$EventMessageNode","id":"033f3d73-2520-41ac-9cd3-3660b2553c8e","ts":"2025-07-30T15:40:57.809+02:00","eventName":"n8n.node.finished","message":"n8n.node.finished","payload":{"workflowId":"ieZMm9XYHs0R5WpF","workflowName":"Inova AI","executionId":"46","nodeType":"n8n-nodes-base.httpRequest","nodeName":"HTTP Request","nodeId":"d3997067-5bed-4686-9627-72b7cfd79343"}}
{"__type":"$$EventMessageConfirm","confirm":"033f3d73-2520-41ac-9cd3-3660b2553c8e","ts":"2025-07-30T15:40:57.809+02:00","source":{"id":"0","name":"eventBus"}}
{"__type":"$$EventMessageWorkflow","id":"8e2cd1f7-ee82-42d2-809b-fd66bf5c115e","ts":"2025-07-30T15:40:57.809+02:00","eventName":"n8n.workflow.success","message":"n8n.workflow.success","payload":{"executionId":"46","success":true,"isManual":false,"workflowId":"ieZMm9XYHs0R5WpF","workflowName":"Inova AI"}}
{"__type":"$$EventMessageConfirm","confirm":"8e2cd1f7-ee82-42d2-809b-fd66bf5c115e","ts":"2025-07-30T15:40:57.809+02:00","source":{"id":"0","name":"eventBus"}}
{"__type":"$$EventMessageWorkflow","id":"a2d2ae22-7811-4522-9b4c-fd5cacbe65fd","ts":"2025-07-30T15:41:21.728+02:00","eventName":"n8n.workflow.started","message":"n8n.workflow.started","payload":{"executionId":"47","workflowId":"ieZMm9XYHs0R5WpF","isManual":false,"workflowName":"Inova AI"}}
{"__type":"$$EventMessageConfirm","confirm":"a2d2ae22-7811-4522-9b4c-fd5cacbe65fd","ts":"2025-07-30T15:41:21.729+02:00","source":{"id":"0","name":"eventBus"}}
{"__type":"$$EventMessageNode","id":"ffe6ee74-13f3-4511-893f-5589f8ef92c4","ts":"2025-07-30T15:41:21.729+02:00","eventName":"n8n.node.started","message":"n8n.node.started","payload":{"workflowId":"ieZMm9XYHs0R5WpF","workflowName":"Inova AI","executionId":"47","nodeType":"n8n-nodes-base.webhook","nodeName":"Webhook","nodeId":"a5c22867-cae4-4f63-9f5c-785c22222ceb"}}
{"__type":"$$EventMessageConfirm","confirm":"ffe6ee74-13f3-4511-893f-5589f8ef92c4","ts":"2025-07-30T15:41:21.729+02:00","source":{"id":"0","name":"eventBus"}}
{"__type":"$$EventMessageNode","id":"71d07e67-9ed7-4def-b2ed-6cd5fb9e522f","ts":"2025-07-30T15:41:21.729+02:00","eventName":"n8n.node.finished","message":"n8n.node.finished","payload":{"workflowId":"ieZMm9XYHs0R5WpF","workflowName":"Inova AI","executionId":"47","nodeType":"n8n-nodes-base.webhook","nodeName":"Webhook","nodeId":"a5c22867-cae4-4f63-9f5c-785c22222ceb"}}
{"__type":"$$EventMessageConfirm","confirm":"71d07e67-9ed7-4def-b2ed-6cd5fb9e522f","ts":"2025-07-30T15:41:21.729+02:00","source":{"id":"0","name":"eventBus"}}
{"__type":"$$EventMessageNode","id":"a5bf7a35-0470-45a7-a6ee-b1b2560a8c52","ts":"2025-07-30T15:41:21.729+02:00","eventName":"n8n.node.started","message":"n8n.node.started","payload":{"workflowId":"ieZMm9XYHs0R5WpF","workflowName":"Inova AI","executionId":"47","nodeType":"n8n-nodes-base.set","nodeName":"Edit Fields","nodeId":"c63d2ece-6fac-4325-9b5c-c29efca2d6dd"}}
{"__type":"$$EventMessageConfirm","confirm":"a5bf7a35-0470-45a7-a6ee-b1b2560a8c52","ts":"2025-07-30T15:41:21.729+02:00","source":{"id":"0","name":"eventBus"}}
{"__type":"$$EventMessageNode","id":"9cd9ab94-ca40-49ce-88a6-4af76a0ac02a","ts":"2025-07-30T15:41:21.730+02:00","eventName":"n8n.node.finished","message":"n8n.node.finished","payload":{"workflowId":"ieZMm9XYHs0R5WpF","workflowName":"Inova AI","executionId":"47","nodeType":"n8n-nodes-base.set","nodeName":"Edit Fields","nodeId":"c63d2ece-6fac-4325-9b5c-c29efca2d6dd"}}
{"__type":"$$EventMessageConfirm","confirm":"9cd9ab94-ca40-49ce-88a6-4af76a0ac02a","ts":"2025-07-30T15:41:21.730+02:00","source":{"id":"0","name":"eventBus"}}
{"__type":"$$EventMessageNode","id":"9bcbe60e-7221-41fb-9a24-38a5615374d7","ts":"2025-07-30T15:41:21.730+02:00","eventName":"n8n.node.started","message":"n8n.node.started","payload":{"workflowId":"ieZMm9XYHs0R5WpF","workflowName":"Inova AI","executionId":"47","nodeType":"n8n-nodes-base.httpRequest","nodeName":"HTTP Request","nodeId":"d3997067-5bed-4686-9627-72b7cfd79343"}}
{"__type":"$$EventMessageConfirm","confirm":"9bcbe60e-7221-41fb-9a24-38a5615374d7","ts":"2025-07-30T15:41:21.730+02:00","source":{"id":"0","name":"eventBus"}}
{"__type":"$$EventMessageNode","id":"b63e92da-7c24-43db-b2d8-b11e4a396d33","ts":"2025-07-30T15:41:24.147+02:00","eventName":"n8n.node.finished","message":"n8n.node.finished","payload":{"workflowId":"ieZMm9XYHs0R5WpF","workflowName":"Inova AI","executionId":"47","nodeType":"n8n-nodes-base.httpRequest","nodeName":"HTTP Request","nodeId":"d3997067-5bed-4686-9627-72b7cfd79343"}}
{"__type":"$$EventMessageConfirm","confirm":"b63e92da-7c24-43db-b2d8-b11e4a396d33","ts":"2025-07-30T15:41:24.147+02:00","source":{"id":"0","name":"eventBus"}}
{"__type":"$$EventMessageWorkflow","id":"746e0c8c-3e0a-4f17-b320-6c82b23868ec","ts":"2025-07-30T15:41:24.147+02:00","eventName":"n8n.workflow.success","message":"n8n.workflow.success","payload":{"executionId":"47","success":true,"isManual":false,"workflowId":"ieZMm9XYHs0R5WpF","workflowName":"Inova AI"}}
{"__type":"$$EventMessageConfirm","confirm":"746e0c8c-3e0a-4f17-b320-6c82b23868ec","ts":"2025-07-30T15:41:24.147+02:00","source":{"id":"0","name":"eventBus"}}
{"__type":"$$EventMessageWorkflow","id":"738a7718-66b3-46ca-8cbd-49272f4561a4","ts":"2025-07-30T15:41:52.831+02:00","eventName":"n8n.workflow.started","message":"n8n.workflow.started","payload":{"executionId":"48","workflowId":"ieZMm9XYHs0R5WpF","isManual":false,"workflowName":"Inova AI"}}
{"__type":"$$EventMessageConfirm","confirm":"738a7718-66b3-46ca-8cbd-49272f4561a4","ts":"2025-07-30T15:41:52.831+02:00","source":{"id":"0","name":"eventBus"}}
{"__type":"$$EventMessageNode","id":"d8c930c8-2625-47fa-b320-91148cf3c245","ts":"2025-07-30T15:41:52.831+02:00","eventName":"n8n.node.started","message":"n8n.node.started","payload":{"workflowId":"ieZMm9XYHs0R5WpF","workflowName":"Inova AI","executionId":"48","nodeType":"n8n-nodes-base.webhook","nodeName":"Webhook","nodeId":"a5c22867-cae4-4f63-9f5c-785c22222ceb"}}
{"__type":"$$EventMessageConfirm","confirm":"d8c930c8-2625-47fa-b320-91148cf3c245","ts":"2025-07-30T15:41:52.831+02:00","source":{"id":"0","name":"eventBus"}}
{"__type":"$$EventMessageNode","id":"c19c18b3-08c9-4811-aec9-7f09f805c783","ts":"2025-07-30T15:41:52.831+02:00","eventName":"n8n.node.finished","message":"n8n.node.finished","payload":{"workflowId":"ieZMm9XYHs0R5WpF","workflowName":"Inova AI","executionId":"48","nodeType":"n8n-nodes-base.webhook","nodeName":"Webhook","nodeId":"a5c22867-cae4-4f63-9f5c-785c22222ceb"}}
{"__type":"$$EventMessageConfirm","confirm":"c19c18b3-08c9-4811-aec9-7f09f805c783","ts":"2025-07-30T15:41:52.831+02:00","source":{"id":"0","name":"eventBus"}}
{"__type":"$$EventMessageNode","id":"6250036a-c0ce-4384-a2ec-7b9486028aa7","ts":"2025-07-30T15:41:52.831+02:00","eventName":"n8n.node.started","message":"n8n.node.started","payload":{"workflowId":"ieZMm9XYHs0R5WpF","workflowName":"Inova AI","executionId":"48","nodeType":"n8n-nodes-base.set","nodeName":"Edit Fields","nodeId":"c63d2ece-6fac-4325-9b5c-c29efca2d6dd"}}
{"__type":"$$EventMessageConfirm","confirm":"6250036a-c0ce-4384-a2ec-7b9486028aa7","ts":"2025-07-30T15:41:52.831+02:00","source":{"id":"0","name":"eventBus"}}
{"__type":"$$EventMessageNode","id":"4bf90261-7f8e-4d6d-9f69-77fefb18bd89","ts":"2025-07-30T15:41:52.832+02:00","eventName":"n8n.node.finished","message":"n8n.node.finished","payload":{"workflowId":"ieZMm9XYHs0R5WpF","workflowName":"Inova AI","executionId":"48","nodeType":"n8n-nodes-base.set","nodeName":"Edit Fields","nodeId":"c63d2ece-6fac-4325-9b5c-c29efca2d6dd"}}
{"__type":"$$EventMessageConfirm","confirm":"4bf90261-7f8e-4d6d-9f69-77fefb18bd89","ts":"2025-07-30T15:41:52.832+02:00","source":{"id":"0","name":"eventBus"}}
{"__type":"$$EventMessageNode","id":"35d36778-414a-4cbc-9be6-04dec440ad5c","ts":"2025-07-30T15:41:52.832+02:00","eventName":"n8n.node.started","message":"n8n.node.started","payload":{"workflowId":"ieZMm9XYHs0R5WpF","workflowName":"Inova AI","executionId":"48","nodeType":"n8n-nodes-base.httpRequest","nodeName":"HTTP Request","nodeId":"d3997067-5bed-4686-9627-72b7cfd79343"}}
{"__type":"$$EventMessageConfirm","confirm":"35d36778-414a-4cbc-9be6-04dec440ad5c","ts":"2025-07-30T15:41:52.832+02:00","source":{"id":"0","name":"eventBus"}}
{"__type":"$$EventMessageNode","id":"3c872de2-8123-4533-a3ab-61e14dde2b01","ts":"2025-07-30T15:42:01.994+02:00","eventName":"n8n.node.finished","message":"n8n.node.finished","payload":{"workflowId":"ieZMm9XYHs0R5WpF","workflowName":"Inova AI","executionId":"48","nodeType":"n8n-nodes-base.httpRequest","nodeName":"HTTP Request","nodeId":"d3997067-5bed-4686-9627-72b7cfd79343"}}
{"__type":"$$EventMessageConfirm","confirm":"3c872de2-8123-4533-a3ab-61e14dde2b01","ts":"2025-07-30T15:42:01.994+02:00","source":{"id":"0","name":"eventBus"}}
{"__type":"$$EventMessageWorkflow","id":"b55d197d-9cd0-43a6-a37f-288186a5b047","ts":"2025-07-30T15:42:01.994+02:00","eventName":"n8n.workflow.success","message":"n8n.workflow.success","payload":{"executionId":"48","success":true,"isManual":false,"workflowId":"ieZMm9XYHs0R5WpF","workflowName":"Inova AI"}}
{"__type":"$$EventMessageConfirm","confirm":"b55d197d-9cd0-43a6-a37f-288186a5b047","ts":"2025-07-30T15:42:01.994+02:00","source":{"id":"0","name":"eventBus"}}
